<?xml version="1.0" encoding="UTF-8"?><testsuite errors="1" failures="0" name="Calculadora de calorías" skipped="0" tests="1" time="165.27" timestamp="2020-05-27T09:56:21.518-05:00[America/Bogota]"><testcase name="Calculo exitoso de regla de tres"><error message="The following error occurred: Timed out after 10 seconds. Element not found&#10;For documentation on this error, please visit: http://seleniumhq.org/exceptions/no_such_element.html&#10;Build info: version: '3.5.2', revision: '10229a9', time: '2017-08-21T17:29:55.15Z'&#10;System info: host: 'CHMEPPF0V15Q5', ip: '192.168.1.2', os.name: 'Windows 10', os.arch: 'amd64', os.version: '10.0', java.version: '1.8.0_211'&#10;Driver info: driver.version: unknown&#10;For documentation on this error, please visit: http://seleniumhq.org/exceptions/no_such_element.html&#10;Build info: version: '3.5.2', revision: '10229a9', time: '2017-08-21T17:29:55.15Z'&#10;System info: host: 'CHMEPPF0V15Q5', ip: '192.168.1.2', os.name: 'Windows 10', os.arch: 'amd64', os.version: '10.0', java.version: '1.8.0_211'&#10;Driver info: driver.version: unknown" type="org.openqa.selenium.NoSuchElementException">The following error occurred: Timed out after 10 seconds. Element not found
For documentation on this error, please visit: http://seleniumhq.org/exceptions/no_such_element.html
Build info: version: '3.5.2', revision: '10229a9', time: '2017-08-21T17:29:55.15Z'
System info: host: 'CHMEPPF0V15Q5', ip: '192.168.1.2', os.name: 'Windows 10', os.arch: 'amd64', os.version: '10.0', java.version: '1.8.0_211'
Driver info: driver.version: unknown
For documentation on this error, please visit: http://seleniumhq.org/exceptions/no_such_element.html
Build info: version: '3.5.2', revision: '10229a9', time: '2017-08-21T17:29:55.15Z'
System info: host: 'CHMEPPF0V15Q5', ip: '192.168.1.2', os.name: 'Windows 10', os.arch: 'amd64', os.version: '10.0', java.version: '1.8.0_211'
Driver info: driver.version: unknown</error><system-err>The following error occurred: Timed out after 10 seconds. Element not found
For documentation on this error, please visit: http://seleniumhq.org/exceptions/no_such_element.html
Build info: version: '3.5.2', revision: '10229a9', time: '2017-08-21T17:29:55.15Z'
System info: host: 'CHMEPPF0V15Q5', ip: '192.168.1.2', os.name: 'Windows 10', os.arch: 'amd64', os.version: '10.0', java.version: '1.8.0_211'
Driver info: driver.version: unknown
For documentation on this error, please visit: http://seleniumhq.org/exceptions/no_such_element.html
Build info: version: '3.5.2', revision: '10229a9', time: '2017-08-21T17:29:55.15Z'
System info: host: 'CHMEPPF0V15Q5', ip: '192.168.1.2', os.name: 'Windows 10', os.arch: 'amd64', os.version: '10.0', java.version: '1.8.0_211'
Driver info: driver.version: unknown&#13;
com.choucair.formacion.pageobjects.RegladetresPage.menuMatematicas(RegladetresPage.java:32)&#13;
com.choucair.formacion.steps.RegladetresSteps.menuM(RegladetresSteps.java:17)&#13;
com.choucair.formacion.definition.Regladetresdef.que_carolina_necesita_saber_el_resultado_de_una_regla_de_tres(Regladetresdef.java:19)&#13;
</system-err></testcase></testsuite>