<?xml version="1.0" encoding="UTF-8"?><testsuite errors="1" failures="0" name="Purchase a Samsung TV at exito.com" skipped="0" tests="1" time="4.22" timestamp="2020-06-04 01:51:45"><testcase name="Purchase a TV"><error message="Could not instantiate new WebDriver instance of type class org.openqa.selenium.firefox.FirefoxDriver (The path to the driver executable must be set by the webdriver.gecko.driver system property; for more information, see https://github.com/mozilla/geckodriver. The latest version can be downloaded from https://github.com/mozilla/geckodriver/releases). See below for more details." type="net.thucydides.core.webdriver.DriverConfigurationError">Could not instantiate new WebDriver instance of type class org.openqa.selenium.firefox.FirefoxDriver (The path to the driver executable must be set by the webdriver.gecko.driver system property; for more information, see https://github.com/mozilla/geckodriver. The latest version can be downloaded from https://github.com/mozilla/geckodriver/releases). See below for more details.</error><system-err>Could not instantiate new WebDriver instance of type class org.openqa.selenium.firefox.FirefoxDriver (The path to the driver executable must be set by the webdriver.gecko.driver system property; for more information, see https://github.com/mozilla/geckodriver. The latest version can be downloaded from https://github.com/mozilla/geckodriver/releases). See below for more details.&#13;
steps.ComprarSteps.abrirUrl(ComprarSteps.java:9)&#13;
definition.Comprar.that_Carolina_wants_to_buy_a_television(Comprar.java:15)&#13;
cucumber.runner.Runner.runPickle(Runner.java:80)&#13;
</system-err></testcase></testsuite>